<?xml version="1.0" encoding="UTF-8"?>
<!-- Generated by org.testng.reporters.JUnitXMLReporter -->
<testsuite hostname="LAPTOP-0O7LBJBK" ignored="0" name="Bank Manager Login Login" tests="1" failures="0" timestamp="11 Oct 2018 11:36:05 GMT" time="0.059" errors="0">
  <testcase name="@BeforeSuite setUp" time="19.325" classname="base.TestBase">
    <failure type="org.openqa.selenium.NoSuchWindowException" message="Window not found. The browser window may have been closed.
Command duration or timeout: 836 milliseconds
Build info: version: &amp;apos;2.53.1&amp;apos;, revision: &amp;apos;a36b8b1&amp;apos;, time: &amp;apos;2016-06-30 17:37:03&amp;apos;
System info: host: &amp;apos;LAPTOP-0O7LBJBK&amp;apos;, ip: &amp;apos;192.168.1.36&amp;apos;, os.name: &amp;apos;Windows 10&amp;apos;, os.arch: &amp;apos;amd64&amp;apos;, os.version: &amp;apos;10.0&amp;apos;, java.version: &amp;apos;1.8.0_161&amp;apos;
Driver info: org.openqa.selenium.firefox.FirefoxDriver
Capabilities [{applicationCacheEnabled=true, rotatable=false, handlesAlerts=true, databaseEnabled=true, version=47.0.1, platform=WINDOWS, nativeEvents=false, acceptSslCerts=true, webStorageEnabled=true, locationContextEnabled=true, browserName=firefox, takesScreenshot=true, javascriptEnabled=true, cssSelectorsEnabled=true}]
Session ID: 45b0ab09-b49a-4f4d-8973-fa4645485513">
      <![CDATA[org.openqa.selenium.NoSuchWindowException: Window not found. The browser window may have been closed.
Command duration or timeout: 836 milliseconds
Build info: version: '2.53.1', revision: 'a36b8b1', time: '2016-06-30 17:37:03'
System info: host: 'LAPTOP-0O7LBJBK', ip: '192.168.1.36', os.name: 'Windows 10', os.arch: 'amd64', os.version: '10.0', java.version: '1.8.0_161'
Driver info: org.openqa.selenium.firefox.FirefoxDriver
Capabilities [{applicationCacheEnabled=true, rotatable=false, handlesAlerts=true, databaseEnabled=true, version=47.0.1, platform=WINDOWS, nativeEvents=false, acceptSslCerts=true, webStorageEnabled=true, locationContextEnabled=true, browserName=firefox, takesScreenshot=true, javascriptEnabled=true, cssSelectorsEnabled=true}]
Session ID: 45b0ab09-b49a-4f4d-8973-fa4645485513
at org.openqa.selenium.remote.ErrorHandler.createThrowable(ErrorHandler.java:206)
at org.openqa.selenium.remote.ErrorHandler.throwIfResponseFailed(ErrorHandler.java:158)
at org.openqa.selenium.remote.RemoteWebDriver.execute(RemoteWebDriver.java:678)
at org.openqa.selenium.remote.RemoteWebDriver.get(RemoteWebDriver.java:316)
at base.TestBase.setUp(TestBase.java:103)
Caused by: org.openqa.selenium.NoSuchWindowException: Window not found. The browser window may have been closed.
Build info: version: '2.53.1', revision: 'a36b8b1', time: '2016-06-30 17:37:03'
System info: host: 'LAPTOP-0O7LBJBK', ip: '192.168.1.36', os.name: 'Windows 10', os.arch: 'amd64', os.version: '10.0', java.version: '1.8.0_161'
Driver info: driver.version: unknown
at <anonymous class>.nsCommandProcessor.prototype.execute(file:///C:/Users/Pranshu/AppData/Local/Temp/anonymous7181487896771950377webdriver-profile/extensions/fxdriver@googlecode.com/components/command-processor.js:12719)
at <anonymous class>.Dispatcher.executeAs/<(file:///C:/Users/Pranshu/AppData/Local/Temp/anonymous7181487896771950377webdriver-profile/extensions/fxdriver@googlecode.com/components/driver-component.js:9558)
at <anonymous class>.Resource.prototype.handle(file:///C:/Users/Pranshu/AppData/Local/Temp/anonymous7181487896771950377webdriver-profile/extensions/fxdriver@googlecode.com/components/driver-component.js:9705)
at <anonymous class>.Dispatcher.prototype.dispatch(file:///C:/Users/Pranshu/AppData/Local/Temp/anonymous7181487896771950377webdriver-profile/extensions/fxdriver@googlecode.com/components/driver-component.js:9652)
at <anonymous class>.WebDriverServer/<.handle(file:///C:/Users/Pranshu/AppData/Local/Temp/anonymous7181487896771950377webdriver-profile/extensions/fxdriver@googlecode.com/components/driver-component.js:12517)
at <anonymous class>.createHandlerFunc/<(file:///C:/Users/Pranshu/AppData/Local/Temp/anonymous7181487896771950377webdriver-profile/extensions/fxdriver@googlecode.com/components/httpd.js:2054)
at <anonymous class>.ServerHandler.prototype.handleResponse(file:///C:/Users/Pranshu/AppData/Local/Temp/anonymous7181487896771950377webdriver-profile/extensions/fxdriver@googlecode.com/components/httpd.js:2387)
at <anonymous class>.Connection.prototype.process(file:///C:/Users/Pranshu/AppData/Local/Temp/anonymous7181487896771950377webdriver-profile/extensions/fxdriver@googlecode.com/components/httpd.js:1223)
at <anonymous class>.RequestReader.prototype._handleResponse(file:///C:/Users/Pranshu/AppData/Local/Temp/anonymous7181487896771950377webdriver-profile/extensions/fxdriver@googlecode.com/components/httpd.js:1677)
at <anonymous class>.RequestReader.prototype._processBody(file:///C:/Users/Pranshu/AppData/Local/Temp/anonymous7181487896771950377webdriver-profile/extensions/fxdriver@googlecode.com/components/httpd.js:1525)
at <anonymous class>.RequestReader.prototype.onInputStreamReady(file:///C:/Users/Pranshu/AppData/Local/Temp/anonymous7181487896771950377webdriver-profile/extensions/fxdriver@googlecode.com/components/httpd.js:1393)
... Removed 24 stack frames]]>
    </failure>
  </testcase> <!-- @BeforeSuite setUp -->
  <testcase name="loginAsBankManager" time="0.0" classname="testcases.BankManagerLoginTestDay8test">
    <skipped/>
  </testcase> <!-- loginAsBankManager -->
</testsuite> <!-- Bank Manager Login Login -->
