<?xml version="1.0" encoding="UTF-8"?>
<!-- Generated by org.testng.reporters.JUnitXMLReporter -->
<testsuite hostname="LAPTOP-0O7LBJBK" ignored="2" name="Dependancy" tests="1" failures="0" timestamp="26 Dec 2018 11:02:33 GMT" time="0.006" errors="0">
  <testcase name="doUserReg" time="0.0" classname="testcases.TestCase3Day6"/>
  <testcase name="doLogin" time="0.0" classname="testcases.TestCase3Day6">
    <ignored/>
  </testcase> <!-- doLogin -->
  <testcase name="composeEmail" time="0.0" classname="testcases.TestCase3Day6">
    <ignored/>
  </testcase> <!-- composeEmail -->
</testsuite> <!-- Dependancy -->
