<?xml version="1.0" encoding="UTF-8"?>
<!-- Generated by org.testng.reporters.JUnitXMLReporter -->
<testsuite hostname="LAPTOP-0O7LBJBK" ignored="0" name="Validatewithlistener" tests="2" failures="2" timestamp="26 Dec 2018 11:02:36 GMT" time="2.415" errors="0">
  <testcase name="validateTitleTestt" time="0.008" classname="testcases.TestCase4ToTestListenerDay6">
    <failure type="java.lang.AssertionError" message="expected [Yahoo.com] but found [Gmail.com]">
      <![CDATA[java.lang.AssertionError: expected [Yahoo.com] but found [Gmail.com]
at testcases.TestCase4ToTestListenerDay6.validateTitleTestt(TestCase4ToTestListenerDay6.java:20)
... Removed 31 stack frames]]>
    </failure>
  </testcase> <!-- validateTitleTestt -->
  <testcase name="validateTitleTestt" time="2.408" classname="testcases.TestCase4ToTestListenerDay6">
    <failure type="java.lang.NullPointerException">
      <![CDATA[java.lang.NullPointerException
at utilities.TestUtils.captureScreenshot(TestUtils.java:27)
at listeners.CustomListeners.onTestFailure(CustomListeners.java:33)
... Removed 22 stack frames]]>
    </failure>
  </testcase> <!-- validateTitleTestt -->
</testsuite> <!-- Validatewithlistener -->
