<?xml version="1.0" encoding="UTF-8"?>
<!-- Generated by org.testng.reporters.JUnitXMLReporter -->
<testsuite hostname="LAPTOP-0O7LBJBK" ignored="0" name="Validatetitle" tests="1" failures="1" timestamp="07 Sep 2018 18:51:00 GMT" time="0.032" errors="0">
  <testcase name="validateTitleTest" time="0.008" classname="testcases.TestCase2Day6">
    <failure type="java.lang.AssertionError" message="expected [Y.com] but found [Gmail.com]">
      <![CDATA[java.lang.AssertionError: expected [Y.com] but found [Gmail.com]
at testcases.TestCase2Day6.validateTitleTest(TestCase2Day6.java:48)
... Removed 31 stack frames]]>
    </failure>
  </testcase> <!-- validateTitleTest -->
</testsuite> <!-- Validatetitle -->
