<?xml version="1.0" encoding="UTF-8"?>
<!-- Generated by org.testng.reporters.JUnitXMLReporter -->
<testsuite hostname="LAPTOP-0O7LBJBK" ignored="0" name="Dependancy_Reg" tests="3" failures="0" timestamp="24 Jul 2018 06:30:34 GMT" time="0.022" errors="0">
  <testcase name="doUserReg" time="0.003" classname="testcases.TestCase3"/>
  <testcase name="doLogin" time="0.0" classname="testcases.TestCase3"/>
  <testcase name="composeEmail" time="0.008" classname="testcases.TestCase3">
    <skipped/>
  </testcase> <!-- composeEmail -->
</testsuite> <!-- Dependancy_Reg -->
