<?xml version="1.0" encoding="UTF-8"?>
<!-- Generated by org.testng.reporters.JUnitXMLReporter -->
<testsuite hostname="LAPTOP-0O7LBJBK" ignored="0" name="Validatewithlistener_Reg" tests="1" failures="1" timestamp="24 Jul 2018 06:30:34 GMT" time="0.011" errors="0">
  <testcase name="validateTitleTestt" time="0.001" classname="testcases.TestCase4ToTestListener">
    <failure type="java.lang.AssertionError" message="expected [Yahoo.com] but found [Gmail.com]">
      <![CDATA[java.lang.AssertionError: expected [Yahoo.com] but found [Gmail.com]
at testcases.TestCase4ToTestListener.validateTitleTestt(TestCase4ToTestListener.java:20)
... Removed 32 stack frames]]>
    </failure>
  </testcase> <!-- validateTitleTestt -->
</testsuite> <!-- Validatewithlistener_Reg -->
