<?xml version="1.0" encoding="UTF-8"?>
<!-- Generated by org.testng.reporters.JUnitXMLReporter -->
<testsuite hostname="LAPTOP-0O7LBJBK" ignored="0" name="Validate_Reg" tests="1" failures="1" timestamp="24 Jul 2018 06:30:34 GMT" time="0.035" errors="0">
  <testcase name="validateTitleTest" time="0.003" classname="testcases.TestCase2">
    <failure type="java.lang.AssertionError" message="expected [Yahoo.com] but found [Gmail.com]">
      <![CDATA[java.lang.AssertionError: expected [Yahoo.com] but found [Gmail.com]
at testcases.TestCase2.validateTitleTest(TestCase2.java:62)
... Removed 27 stack frames]]>
    </failure>
  </testcase> <!-- validateTitleTest -->
</testsuite> <!-- Validate_Reg -->
