<?xml version="1.0" encoding="UTF-8"?>
<!-- Generated by org.testng.reporters.JUnitXMLReporter -->
<testsuite hostname="LAPTOP-0O7LBJBK" ignored="0" name="Dependancy" tests="3" failures="0" timestamp="23 Jul 2018 08:21:00 GMT" time="0.028" errors="0">
  <testcase name="doUserReg" time="0.003" classname="testcases.TestCase3"/>
  <testcase name="doLogin" time="0.001" classname="testcases.TestCase3"/>
  <testcase name="composeEmail" time="0.002" classname="testcases.TestCase3">
    <skipped/>
  </testcase> <!-- composeEmail -->
</testsuite> <!-- Dependancy -->
